2015/02/27 19:27:21 [notice] 6768#0: using the "epoll" event method
2015/02/27 19:27:21 [notice] 6768#0: nginx/1.6.2
2015/02/27 19:27:21 [notice] 6768#0: OS: Linux 3.18.6-1-ARCH
2015/02/27 19:27:21 [notice] 6768#0: getrlimit(RLIMIT_NOFILE): 1024:4096
2015/02/27 19:27:21 [notice] 6769#0: start worker processes
2015/02/27 19:27:21 [notice] 6769#0: start worker process 6770
2015/02/27 19:27:51 [notice] 6769#0: signal 3 (SIGQUIT) received, shutting down
2015/02/27 19:27:51 [notice] 6770#0: gracefully shutting down
2015/02/27 19:27:51 [notice] 6770#0: exiting
2015/02/27 19:27:51 [notice] 6770#0: exit
2015/02/27 19:27:51 [notice] 6769#0: signal 17 (SIGCHLD) received
2015/02/27 19:27:51 [notice] 6769#0: worker process 6770 exited with code 0
2015/02/27 19:27:51 [notice] 6769#0: exit
2015/02/27 19:30:26 [notice] 6977#0: using the "epoll" event method
2015/02/27 19:30:26 [notice] 6977#0: nginx/1.6.2
2015/02/27 19:30:26 [notice] 6977#0: OS: Linux 3.18.6-1-ARCH
2015/02/27 19:30:26 [notice] 6977#0: getrlimit(RLIMIT_NOFILE): 1024:4096
2015/02/27 19:30:26 [notice] 6978#0: start worker processes
2015/02/27 19:30:26 [notice] 6978#0: start worker process 6979
2015/02/27 20:36:48 [notice] 6978#0: signal 3 (SIGQUIT) received, shutting down
2015/02/27 20:36:48 [notice] 6979#0: gracefully shutting down
2015/02/27 20:36:48 [notice] 6979#0: exiting
2015/02/27 20:36:48 [notice] 6979#0: exit
2015/02/27 20:36:48 [notice] 6978#0: signal 17 (SIGCHLD) received
2015/02/27 20:36:48 [notice] 6978#0: worker process 6979 exited with code 0
2015/02/27 20:36:48 [alert] 6978#0: unlink() "/home/nginx/nginx.pid" failed (13: Permission denied)
2015/02/27 20:36:48 [notice] 6978#0: exit
2015/02/27 20:36:48 [notice] 9787#0: using the "epoll" event method
2015/02/27 20:36:48 [notice] 9787#0: nginx/1.6.2
2015/02/27 20:36:48 [notice] 9787#0: OS: Linux 3.18.6-1-ARCH
2015/02/27 20:36:48 [notice] 9787#0: getrlimit(RLIMIT_NOFILE): 1024:4096
2015/02/27 20:36:48 [emerg] 9788#0: open() "/home/nginx/nginx.pid" failed (13: Permission denied)
2015/02/27 20:41:03 [notice] 9955#0: using the "epoll" event method
2015/02/27 20:41:03 [notice] 9955#0: nginx/1.6.2
2015/02/27 20:41:03 [notice] 9955#0: OS: Linux 3.18.6-1-ARCH
2015/02/27 20:41:03 [notice] 9955#0: getrlimit(RLIMIT_NOFILE): 1024:4096
2015/02/27 20:41:03 [emerg] 9956#0: open() "/home/nginx/nginx.pid" failed (13: Permission denied)
2015/02/27 20:41:45 [notice] 10028#0: using the "epoll" event method
2015/02/27 20:41:45 [notice] 10028#0: nginx/1.6.2
2015/02/27 20:41:45 [notice] 10028#0: OS: Linux 3.18.6-1-ARCH
2015/02/27 20:41:45 [notice] 10028#0: getrlimit(RLIMIT_NOFILE): 1024:4096
2015/02/27 20:41:45 [notice] 10029#0: start worker processes
2015/02/27 20:41:45 [notice] 10029#0: start worker process 10030
